<?xml version="1.0" encoding="UTF-8"?>
<!-- Generated by org.testng.reporters.JUnitReportReporter -->
<testsuite hostname="DESKTOP-U9U8BNL" failures="0" tests="1" name="TestLayer.HomePageTest" time="0.062" errors="0" timestamp="2024-07-21T21:02:08 IST" skipped="0">
  <testcase classname="TestLayer.HomePageTest" name="validateHomeFunctionality" time="0.062"/>
  <system-out/>
</testsuite> <!-- TestLayer.HomePageTest -->
