<?xml version="1.0" encoding="UTF-8"?>
<!-- Generated by org.testng.reporters.JUnitReportReporter -->
<testsuite hostname="DESKTOP-U9U8BNL" failures="0" tests="1" name="TestLayer.LoginPageTest" time="3.161" errors="0" timestamp="2024-07-21T21:02:08 IST" skipped="0">
  <testcase classname="TestLayer.LoginPageTest" name="loginFunctionality" time="3.161"/>
  <system-out/>
</testsuite> <!-- TestLayer.LoginPageTest -->
